<?xml version="1.0" encoding="UTF-8"?>
<testsuite xmlns:xsi="http://www.w3.org/2001/XMLSchema-instance" xsi:noNamespaceSchemaLocation="https://maven.apache.org/surefire/maven-surefire-plugin/xsd/surefire-test-report-3.0.xsd" version="3.0" name="edu.unisabana.tyvs.domain.service.RegistryTest" time="0.099" tests="10" errors="0" skipped="0" failures="0">
  <properties>
[...]
</properties>
  <testcase name="shouldReturnValidWhenPersonIs18YearsOld" classname="edu.unisabana.tyvs.domain.service.RegistryTest" time="0.029"/>
  <testcase name="shouldReturnInvalidAgeWhenPersonIsOlderThan120" classname="edu.unisabana.tyvs.domain.service.RegistryTest" time="0.0"/>
  <testcase name="shouldReturnDuplicatedWhenPersonIdWasAlreadyRegistered" classname="edu.unisabana.tyvs.domain.service.RegistryTest" time="0.0"/>
  <testcase name="shouldReturnValidWhenPersonIsAliveAdultAndNotDuplicated" classname="edu.unisabana.tyvs.domain.service.RegistryTest" time="0.0"/>
  <testcase name="shouldReturnUnderageWhenPersonIs17YearsOld" classname="edu.unisabana.tyvs.domain.service.RegistryTest" time="0.0"/>
  <testcase name="shouldReturnInvalidWhenPersonIsNull" classname="edu.unisabana.tyvs.domain.service.RegistryTest" time="0.0"/>
  <testcase name="shouldReturnDeadWhenPersonIsNotAlive" classname="edu.unisabana.tyvs.domain.service.RegistryTest" time="0.0"/>
  <testcase name="shouldReturnInvalidWhenPersonIdIsZero" classname="edu.unisabana.tyvs.domain.service.RegistryTest" time="0.0"/>
  <testcase name="shouldReturnValidWhenPersonIs120YearsOld" classname="edu.unisabana.tyvs.domain.service.RegistryTest" time="0.0"/>
  <testcase name="shouldReturnInvalidAgeWhenPersonHasNegativeAge" classname="edu.unisabana.tyvs.domain.service.RegistryTest" time="0.0"/>
</testsuite>